<?xml version="1.0" encoding="UTF-8"?>
<testsuite xmlns:xsi="http://www.w3.org/2001/XMLSchema-instance" xsi:noNamespaceSchemaLocation="https://maven.apache.org/surefire/maven-surefire-plugin/xsd/surefire-test-report.xsd" name="com.example.handlingformsubmission.HandlingFormSubmissionApplicationTest" time="2.714" tests="2" errors="0" skipped="0" failures="0">
  <properties>
[...]
</properties>
  <testcase name="rendersForm" classname="com.example.handlingformsubmission.HandlingFormSubmissionApplicationTest" time="0.585"/>
  <testcase name="submitsForm" classname="com.example.handlingformsubmission.HandlingFormSubmissionApplicationTest" time="0.012"/>
</testsuite>